[debug] [2026-04-19T19:22:25.342Z] ----------------------------------------------------------------------
[debug] [2026-04-19T19:22:25.344Z] Command:       C:\Program Files\nodejs\node.exe C:\Users\Adarsh Sharma\AppData\Roaming\npm\node_modules\firebase-tools\lib\bin\firebase.js init
[debug] [2026-04-19T19:22:25.344Z] CLI Version:   15.15.0
[debug] [2026-04-19T19:22:25.345Z] Platform:      win32
[debug] [2026-04-19T19:22:25.345Z] Node Version:  v24.14.1
[debug] [2026-04-19T19:22:25.345Z] Time:          Mon Apr 20 2026 00:52:25 GMT+0530 (India Standard Time)
[debug] [2026-04-19T19:22:25.345Z] ----------------------------------------------------------------------
[debug] 
[debug] [2026-04-19T19:22:25.348Z] >>> [apiv2][query] GET https://firebase-public.firebaseio.com/cli.json [none]
[info] 
     ######## #### ########  ######## ########     ###     ######  ########
     ##        ##  ##     ## ##       ##     ##  ##   ##  ##       ##
     ######    ##  ########  ######   ########  #########  ######  ######
     ##        ##  ##    ##  ##       ##     ## ##     ##       ## ##
     ##       #### ##     ## ######## ########  ##     ##  ######  ########

You're about to initialize a Firebase project in this directory:

  C:\Users\Adarsh Sharma\Desktop\new\Aethermind_LMS

[debug] [2026-04-19T19:22:27.413Z] <<< [apiv2][status] GET https://firebase-public.firebaseio.com/cli.json 200
[debug] [2026-04-19T19:22:27.413Z] <<< [apiv2][body] GET https://firebase-public.firebaseio.com/cli.json {"cloudBuildErrorAfter":1594252800000,"cloudBuildWarnAfter":1590019200000,"defaultNode10After":1594252800000,"minVersion":"3.0.5","node8DeploysDisabledAfter":1613390400000,"node8RuntimeDisabledAfter":1615809600000,"node8WarnAfter":1600128000000}
[info] 
=== Project Setup
[info] 
[info] First, let's associate this project directory with a Firebase project.
[info] You can create multiple project aliases by running firebase use --add, 
[info] 
[debug] [2026-04-19T19:25:07.301Z] > command requires scopes: ["email","openid","https://www.googleapis.com/auth/cloudplatformprojects.readonly","https://www.googleapis.com/auth/firebase","https://www.googleapis.com/auth/cloud-platform"]
[debug] [2026-04-19T19:25:07.301Z] > authorizing via signed-in user (adarsh103107sharma@gmail.com)
[debug] [2026-04-19T19:25:07.302Z] Checked if tokens are valid: false, expires at: 1776485787802
[debug] [2026-04-19T19:25:07.302Z] Checked if tokens are valid: false, expires at: 1776485787802
[debug] [2026-04-19T19:25:07.302Z] > refreshing access token with scopes: []
[debug] [2026-04-19T19:25:07.304Z] >>> [apiv2][query] POST https://www.googleapis.com/oauth2/v3/token [none]
[debug] [2026-04-19T19:25:07.304Z] >>> [apiv2][body] POST https://www.googleapis.com/oauth2/v3/token [omitted]
[debug] [2026-04-19T19:25:07.595Z] <<< [apiv2][status] POST https://www.googleapis.com/oauth2/v3/token 200
[debug] [2026-04-19T19:25:07.595Z] <<< [apiv2][body] POST https://www.googleapis.com/oauth2/v3/token [omitted]
[debug] [2026-04-19T19:25:07.601Z] >>> [apiv2][query] GET https://firebase.googleapis.com/v1beta1/availableProjects pageSize=100
[debug] [2026-04-19T19:25:08.756Z] <<< [apiv2][status] GET https://firebase.googleapis.com/v1beta1/availableProjects 200
[debug] [2026-04-19T19:25:08.756Z] <<< [apiv2][body] GET https://firebase.googleapis.com/v1beta1/availableProjects [omitted]
[debug] [2026-04-19T19:25:27.590Z] Checked if tokens are valid: true, expires at: 1776630306595
[debug] [2026-04-19T19:25:27.590Z] Checked if tokens are valid: true, expires at: 1776630306595
[debug] [2026-04-19T19:25:27.590Z] >>> [apiv2][query] POST https://firebase.googleapis.com/v1beta1/projects/project-a8a8ecd8-4be7-41af-bc9:addFirebase [none]
[debug] [2026-04-19T19:25:29.820Z] <<< [apiv2][status] POST https://firebase.googleapis.com/v1beta1/projects/project-a8a8ecd8-4be7-41af-bc9:addFirebase 200
[debug] [2026-04-19T19:25:29.821Z] <<< [apiv2][body] POST https://firebase.googleapis.com/v1beta1/projects/project-a8a8ecd8-4be7-41af-bc9:addFirebase {"name":"operations/workflows/MjExNTc4ZTMtNTg1MS00MjBmLTk1ZjAtNWUwNjBjNmFkN2Q3"}
[debug] [2026-04-19T19:25:29.822Z] Checked if tokens are valid: true, expires at: 1776630306595
[debug] [2026-04-19T19:25:29.822Z] Checked if tokens are valid: true, expires at: 1776630306595
[debug] [2026-04-19T19:25:29.822Z] >>> [apiv2][query] GET https://firebase.googleapis.com/v1beta1/operations/workflows/MjExNTc4ZTMtNTg1MS00MjBmLTk1ZjAtNWUwNjBjNmFkN2Q3 [none]
[debug] [2026-04-19T19:25:31.103Z] <<< [apiv2][status] GET https://firebase.googleapis.com/v1beta1/operations/workflows/MjExNTc4ZTMtNTg1MS00MjBmLTk1ZjAtNWUwNjBjNmFkN2Q3 200
[debug] [2026-04-19T19:25:31.103Z] <<< [apiv2][body] GET https://firebase.googleapis.com/v1beta1/operations/workflows/MjExNTc4ZTMtNTg1MS00MjBmLTk1ZjAtNWUwNjBjNmFkN2Q3 {"name":"operations/workflows/MjExNTc4ZTMtNTg1MS00MjBmLTk1ZjAtNWUwNjBjNmFkN2Q3"}
[debug] [2026-04-19T19:25:31.609Z] [Add Firebase Poller] Retrying task index 0
[debug] [2026-04-19T19:25:31.610Z] Checked if tokens are valid: true, expires at: 1776630306595
[debug] [2026-04-19T19:25:31.610Z] Checked if tokens are valid: true, expires at: 1776630306595
[debug] [2026-04-19T19:25:31.610Z] >>> [apiv2][query] GET https://firebase.googleapis.com/v1beta1/operations/workflows/MjExNTc4ZTMtNTg1MS00MjBmLTk1ZjAtNWUwNjBjNmFkN2Q3 [none]
[debug] [2026-04-19T19:25:32.367Z] <<< [apiv2][status] GET https://firebase.googleapis.com/v1beta1/operations/workflows/MjExNTc4ZTMtNTg1MS00MjBmLTk1ZjAtNWUwNjBjNmFkN2Q3 200
[debug] [2026-04-19T19:25:32.367Z] <<< [apiv2][body] GET https://firebase.googleapis.com/v1beta1/operations/workflows/MjExNTc4ZTMtNTg1MS00MjBmLTk1ZjAtNWUwNjBjNmFkN2Q3 {"name":"operations/workflows/MjExNTc4ZTMtNTg1MS00MjBmLTk1ZjAtNWUwNjBjNmFkN2Q3"}
[debug] [2026-04-19T19:25:33.373Z] [Add Firebase Poller] Retrying task index 0
[debug] [2026-04-19T19:25:33.373Z] Checked if tokens are valid: true, expires at: 1776630306595
[debug] [2026-04-19T19:25:33.373Z] Checked if tokens are valid: true, expires at: 1776630306595
[debug] [2026-04-19T19:25:33.373Z] >>> [apiv2][query] GET https://firebase.googleapis.com/v1beta1/operations/workflows/MjExNTc4ZTMtNTg1MS00MjBmLTk1ZjAtNWUwNjBjNmFkN2Q3 [none]
[debug] [2026-04-19T19:25:34.075Z] <<< [apiv2][status] GET https://firebase.googleapis.com/v1beta1/operations/workflows/MjExNTc4ZTMtNTg1MS00MjBmLTk1ZjAtNWUwNjBjNmFkN2Q3 200
[debug] [2026-04-19T19:25:34.075Z] <<< [apiv2][body] GET https://firebase.googleapis.com/v1beta1/operations/workflows/MjExNTc4ZTMtNTg1MS00MjBmLTk1ZjAtNWUwNjBjNmFkN2Q3 {"name":"operations/workflows/MjExNTc4ZTMtNTg1MS00MjBmLTk1ZjAtNWUwNjBjNmFkN2Q3"}
[debug] [2026-04-19T19:25:36.077Z] [Add Firebase Poller] Retrying task index 0
[debug] [2026-04-19T19:25:36.077Z] Checked if tokens are valid: true, expires at: 1776630306595
[debug] [2026-04-19T19:25:36.077Z] Checked if tokens are valid: true, expires at: 1776630306595
[debug] [2026-04-19T19:25:36.077Z] >>> [apiv2][query] GET https://firebase.googleapis.com/v1beta1/operations/workflows/MjExNTc4ZTMtNTg1MS00MjBmLTk1ZjAtNWUwNjBjNmFkN2Q3 [none]
[debug] [2026-04-19T19:25:37.009Z] <<< [apiv2][status] GET https://firebase.googleapis.com/v1beta1/operations/workflows/MjExNTc4ZTMtNTg1MS00MjBmLTk1ZjAtNWUwNjBjNmFkN2Q3 200
[debug] [2026-04-19T19:25:37.009Z] <<< [apiv2][body] GET https://firebase.googleapis.com/v1beta1/operations/workflows/MjExNTc4ZTMtNTg1MS00MjBmLTk1ZjAtNWUwNjBjNmFkN2Q3 {"name":"operations/workflows/MjExNTc4ZTMtNTg1MS00MjBmLTk1ZjAtNWUwNjBjNmFkN2Q3"}
[debug] [2026-04-19T19:25:41.017Z] [Add Firebase Poller] Retrying task index 0
[debug] [2026-04-19T19:25:41.018Z] Checked if tokens are valid: true, expires at: 1776630306595
[debug] [2026-04-19T19:25:41.018Z] Checked if tokens are valid: true, expires at: 1776630306595
[debug] [2026-04-19T19:25:41.018Z] >>> [apiv2][query] GET https://firebase.googleapis.com/v1beta1/operations/workflows/MjExNTc4ZTMtNTg1MS00MjBmLTk1ZjAtNWUwNjBjNmFkN2Q3 [none]
[debug] [2026-04-19T19:25:42.102Z] <<< [apiv2][status] GET https://firebase.googleapis.com/v1beta1/operations/workflows/MjExNTc4ZTMtNTg1MS00MjBmLTk1ZjAtNWUwNjBjNmFkN2Q3 200
[debug] [2026-04-19T19:25:42.102Z] <<< [apiv2][body] GET https://firebase.googleapis.com/v1beta1/operations/workflows/MjExNTc4ZTMtNTg1MS00MjBmLTk1ZjAtNWUwNjBjNmFkN2Q3 {"name":"operations/workflows/MjExNTc4ZTMtNTg1MS00MjBmLTk1ZjAtNWUwNjBjNmFkN2Q3","done":true,"response":{"@type":"type.googleapis.com/google.firebase.service.v1beta1.FirebaseProject","projectId":"project-a8a8ecd8-4be7-41af-bc9","projectNumber":"382061999722","displayName":"My First Project","name":"projects/project-a8a8ecd8-4be7-41af-bc9","resources":{"hostingSite":"project-a8a8ecd8-4be7-41af-bc9"}}}
[info] 
[info] === Your Firebase project is ready! ===
[info] 
[info] Project information:
[info]    - Project ID: project-a8a8ecd8-4be7-41af-bc9
[info]    - Project Name: My First Project
[info] 
[info] Firebase console is available at
[info] https://console.firebase.google.com/project/project-a8a8ecd8-4be7-41af-bc9/overview
[info] 
=== Dataconnect Setup
[info] i  dataconnect: ensuring required API firebasedataconnect.googleapis.com is enabled... 
[debug] [2026-04-19T19:25:42.111Z] Checked if tokens are valid: true, expires at: 1776630306595
[debug] [2026-04-19T19:25:42.111Z] Checked if tokens are valid: true, expires at: 1776630306595
[info] i  dataconnect: ensuring required API sqladmin.googleapis.com is enabled... 
[debug] [2026-04-19T19:25:42.112Z] Checked if tokens are valid: true, expires at: 1776630306595
[debug] [2026-04-19T19:25:42.112Z] Checked if tokens are valid: true, expires at: 1776630306595
[debug] [2026-04-19T19:25:42.112Z] >>> [apiv2][query] GET https://serviceusage.googleapis.com/v1/projects/project-a8a8ecd8-4be7-41af-bc9/services/firebasedataconnect.googleapis.com [none]
[debug] [2026-04-19T19:25:42.112Z] >>> [apiv2][(partial)header] GET https://serviceusage.googleapis.com/v1/projects/project-a8a8ecd8-4be7-41af-bc9/services/firebasedataconnect.googleapis.com  x-goog-user-project=project-a8a8ecd8-4be7-41af-bc9
[debug] [2026-04-19T19:25:42.113Z] >>> [apiv2][query] GET https://serviceusage.googleapis.com/v1/projects/project-a8a8ecd8-4be7-41af-bc9/services/sqladmin.googleapis.com [none]
[debug] [2026-04-19T19:25:42.113Z] >>> [apiv2][(partial)header] GET https://serviceusage.googleapis.com/v1/projects/project-a8a8ecd8-4be7-41af-bc9/services/sqladmin.googleapis.com  x-goog-user-project=project-a8a8ecd8-4be7-41af-bc9
[debug] [2026-04-19T19:25:44.528Z] <<< [apiv2][status] GET https://serviceusage.googleapis.com/v1/projects/project-a8a8ecd8-4be7-41af-bc9/services/firebasedataconnect.googleapis.com 200
[debug] [2026-04-19T19:25:44.528Z] <<< [apiv2][body] GET https://serviceusage.googleapis.com/v1/projects/project-a8a8ecd8-4be7-41af-bc9/services/firebasedataconnect.googleapis.com [omitted]
[warn] !  dataconnect: missing required API firebasedataconnect.googleapis.com. Enabling now... 
[debug] [2026-04-19T19:25:44.529Z] Checked if tokens are valid: true, expires at: 1776630306595
[debug] [2026-04-19T19:25:44.529Z] Checked if tokens are valid: true, expires at: 1776630306595
[debug] [2026-04-19T19:25:44.529Z] >>> [apiv2][query] POST https://serviceusage.googleapis.com/v1/projects/project-a8a8ecd8-4be7-41af-bc9/services/firebasedataconnect.googleapis.com:enable [none]
[debug] [2026-04-19T19:25:44.529Z] >>> [apiv2][(partial)header] POST https://serviceusage.googleapis.com/v1/projects/project-a8a8ecd8-4be7-41af-bc9/services/firebasedataconnect.googleapis.com:enable  x-goog-user-project=project-a8a8ecd8-4be7-41af-bc9
[debug] [2026-04-19T19:25:44.531Z] <<< [apiv2][status] GET https://serviceusage.googleapis.com/v1/projects/project-a8a8ecd8-4be7-41af-bc9/services/sqladmin.googleapis.com 200
[debug] [2026-04-19T19:25:44.531Z] <<< [apiv2][body] GET https://serviceusage.googleapis.com/v1/projects/project-a8a8ecd8-4be7-41af-bc9/services/sqladmin.googleapis.com [omitted]
[warn] !  dataconnect: missing required API sqladmin.googleapis.com. Enabling now... 
[debug] [2026-04-19T19:25:44.531Z] Checked if tokens are valid: true, expires at: 1776630306595
[debug] [2026-04-19T19:25:44.532Z] Checked if tokens are valid: true, expires at: 1776630306595
[debug] [2026-04-19T19:25:44.532Z] >>> [apiv2][query] POST https://serviceusage.googleapis.com/v1/projects/project-a8a8ecd8-4be7-41af-bc9/services/sqladmin.googleapis.com:enable [none]
[debug] [2026-04-19T19:25:44.532Z] >>> [apiv2][(partial)header] POST https://serviceusage.googleapis.com/v1/projects/project-a8a8ecd8-4be7-41af-bc9/services/sqladmin.googleapis.com:enable  x-goog-user-project=project-a8a8ecd8-4be7-41af-bc9
[debug] [2026-04-19T19:25:45.237Z] <<< [apiv2][status] POST https://serviceusage.googleapis.com/v1/projects/project-a8a8ecd8-4be7-41af-bc9/services/firebasedataconnect.googleapis.com:enable 200
[debug] [2026-04-19T19:25:45.237Z] <<< [apiv2][body] POST https://serviceusage.googleapis.com/v1/projects/project-a8a8ecd8-4be7-41af-bc9/services/firebasedataconnect.googleapis.com:enable [omitted]
[debug] [2026-04-19T19:25:46.594Z] <<< [apiv2][status] POST https://serviceusage.googleapis.com/v1/projects/project-a8a8ecd8-4be7-41af-bc9/services/sqladmin.googleapis.com:enable 200
[debug] [2026-04-19T19:25:46.594Z] <<< [apiv2][body] POST https://serviceusage.googleapis.com/v1/projects/project-a8a8ecd8-4be7-41af-bc9/services/sqladmin.googleapis.com:enable [omitted]
[debug] [2026-04-19T19:25:56.607Z] Checked if tokens are valid: true, expires at: 1776630306595
[debug] [2026-04-19T19:25:56.607Z] Checked if tokens are valid: true, expires at: 1776630306595
[debug] [2026-04-19T19:25:56.607Z] >>> [apiv2][query] GET https://firebasedataconnect.googleapis.com/v1/projects/project-a8a8ecd8-4be7-41af-bc9/locations/-/services [none]
[debug] [2026-04-19T19:25:58.900Z] <<< [apiv2][status] GET https://firebasedataconnect.googleapis.com/v1/projects/project-a8a8ecd8-4be7-41af-bc9/locations/-/services 200
[debug] [2026-04-19T19:25:58.900Z] <<< [apiv2][body] GET https://firebasedataconnect.googleapis.com/v1/projects/project-a8a8ecd8-4be7-41af-bc9/locations/-/services {}
[info] i  : ensuring required API cloudaicompanion.googleapis.com is enabled... 
[debug] [2026-04-19T19:26:07.692Z] Checked if tokens are valid: true, expires at: 1776630306595
[debug] [2026-04-19T19:26:07.692Z] Checked if tokens are valid: true, expires at: 1776630306595
[debug] [2026-04-19T19:26:07.692Z] >>> [apiv2][query] GET https://serviceusage.googleapis.com/v1/projects/project-a8a8ecd8-4be7-41af-bc9/services/cloudaicompanion.googleapis.com [none]
[debug] [2026-04-19T19:26:07.692Z] >>> [apiv2][(partial)header] GET https://serviceusage.googleapis.com/v1/projects/project-a8a8ecd8-4be7-41af-bc9/services/cloudaicompanion.googleapis.com  x-goog-user-project=project-a8a8ecd8-4be7-41af-bc9
[debug] [2026-04-19T19:26:09.648Z] <<< [apiv2][status] GET https://serviceusage.googleapis.com/v1/projects/project-a8a8ecd8-4be7-41af-bc9/services/cloudaicompanion.googleapis.com 200
[debug] [2026-04-19T19:26:09.648Z] <<< [apiv2][body] GET https://serviceusage.googleapis.com/v1/projects/project-a8a8ecd8-4be7-41af-bc9/services/cloudaicompanion.googleapis.com [omitted]
[warn] !  : missing required API cloudaicompanion.googleapis.com. Enabling now... 
[debug] [2026-04-19T19:26:09.649Z] Checked if tokens are valid: true, expires at: 1776630306595
[debug] [2026-04-19T19:26:09.649Z] Checked if tokens are valid: true, expires at: 1776630306595
[debug] [2026-04-19T19:26:09.650Z] >>> [apiv2][query] POST https://serviceusage.googleapis.com/v1/projects/project-a8a8ecd8-4be7-41af-bc9/services/cloudaicompanion.googleapis.com:enable [none]
[debug] [2026-04-19T19:26:09.650Z] >>> [apiv2][(partial)header] POST https://serviceusage.googleapis.com/v1/projects/project-a8a8ecd8-4be7-41af-bc9/services/cloudaicompanion.googleapis.com:enable  x-goog-user-project=project-a8a8ecd8-4be7-41af-bc9
[debug] [2026-04-19T19:26:10.446Z] <<< [apiv2][status] POST https://serviceusage.googleapis.com/v1/projects/project-a8a8ecd8-4be7-41af-bc9/services/cloudaicompanion.googleapis.com:enable 200
[debug] [2026-04-19T19:26:10.446Z] <<< [apiv2][body] POST https://serviceusage.googleapis.com/v1/projects/project-a8a8ecd8-4be7-41af-bc9/services/cloudaicompanion.googleapis.com:enable [omitted]
[debug] [2026-04-19T19:26:37.038Z] ExitPromptError: User force closed the prompt with SIGINT
    at Interface.sigint (C:\Users\Adarsh Sharma\AppData\Roaming\npm\node_modules\firebase-tools\node_modules\@inquirer\core\dist\commonjs\lib\create-prompt.js:101:37)
    at Interface.emit (node:events:508:28)
    at [_ttyWrite] [as _ttyWrite] (node:internal/readline/interface:1327:18)
    at ReadStream.onkeypress (node:internal/readline/interface:284:20)
    at ReadStream.emit (node:events:520:35)
    at emitKeys (node:internal/readline/utils:371:14)
    at emitKeys.next (<anonymous>)
    at ReadStream.onData (node:internal/readline/emitKeypressEvents:64:36)
    at ReadStream.emit (node:events:508:28)
    at addChunk (node:internal/streams/readable:563:12)
[error] 
[error] Error: An unexpected error has occurred.
